npm error code ERESOLVE
npm error ERESOLVE unable to resolve dependency tree
npm error
npm error While resolving: nextn@0.1.0
npm error Found: @react-three/fiber@8.15.14
npm error node_modules/@react-three/fiber
npm error   @react-three/fiber@"8.15.14" from the root project
npm error
npm error Could not resolve dependency:
npm error peer @react-three/fiber@"^9.0.0" from @react-three/postprocessing@3.0.4
npm error node_modules/@react-three/postprocessing
npm error   @react-three/postprocessing@"^3.0.4" from the root project
npm error
npm error Fix the upstream dependency conflict, or retry
npm error this command with --force or --legacy-peer-deps
npm error to accept an incorrect (and potentially broken) dependency resolution.
npm error
npm error
npm error For a full report see:
npm error C:\Users\nihar\AppData\Local\npm-cache\_logs\2026-04-03T19_05_18_698Z-eresolve-report.txt
npm error A complete log of this run can be found in: C:\Users\nihar\AppData\Local\npm-cache\_logs\2026-04-03T19_05_18_698Z-debug-0.log
